{"__type":"$$EventMessageAudit","id":"3fb61afc-0185-4063-9b11-a98ea4890f37","ts":"2025-03-28T15:00:29.866-03:00","eventName":"n8n.audit.workflow.created","message":"n8n.audit.workflow.created","payload":{"userId":"fd53e3ff-6f4a-4f4e-9a3a-1ca2be9a9249","_email":"tecnologia@chatoptim.com","_firstName":"eduardo","_lastName":"Calaca","globalRole":"global:owner","workflowId":"VN7FenLKzTLWbyzL","workflowName":"agente de whatssap"}}
{"__type":"$$EventMessageConfirm","confirm":"3fb61afc-0185-4063-9b11-a98ea4890f37","ts":"2025-03-28T15:00:29.867-03:00","source":{"id":"0","name":"eventBus"}}
{"__type":"$$EventMessageAudit","id":"fc59a384-aef6-4c45-ad5b-6f538b4ee93d","ts":"2025-03-28T15:04:07.239-03:00","eventName":"n8n.audit.user.credentials.created","message":"n8n.audit.user.credentials.created","payload":{"userId":"fd53e3ff-6f4a-4f4e-9a3a-1ca2be9a9249","_email":"tecnologia@chatoptim.com","_firstName":"eduardo","_lastName":"Calaca","globalRole":"global:owner","credentialType":"whatsAppApi","credentialId":"4HiQcifEjyKSoYcn","publicApi":false,"projectId":"sprkIXf5OtKY7E92","projectType":"personal"}}
{"__type":"$$EventMessageConfirm","confirm":"fc59a384-aef6-4c45-ad5b-6f538b4ee93d","ts":"2025-03-28T15:04:07.239-03:00","source":{"id":"0","name":"eventBus"}}
{"__type":"$$EventMessageWorkflow","id":"18e278b0-6bdc-4240-a9ae-d3ac6271502a","ts":"2025-03-28T14:06:39.258-04:00","eventName":"n8n.workflow.started","message":"n8n.workflow.started","payload":{"executionId":"23","workflowId":"VN7FenLKzTLWbyzL","isManual":false,"workflowName":"agente de whatssap"}}
{"__type":"$$EventMessageConfirm","confirm":"18e278b0-6bdc-4240-a9ae-d3ac6271502a","ts":"2025-03-28T14:06:39.258-04:00","source":{"id":"0","name":"eventBus"}}
{"__type":"$$EventMessageNode","id":"60d1c208-66bb-4c5e-bf0c-c5006e8a6237","ts":"2025-03-28T14:06:39.262-04:00","eventName":"n8n.node.started","message":"n8n.node.started","payload":{"workflowId":"VN7FenLKzTLWbyzL","workflowName":"agente de whatssap","executionId":"23","nodeType":"n8n-nodes-base.manualTrigger","nodeName":"When clicking ‘Test workflow’"}}
{"__type":"$$EventMessageConfirm","confirm":"60d1c208-66bb-4c5e-bf0c-c5006e8a6237","ts":"2025-03-28T14:06:39.263-04:00","source":{"id":"0","name":"eventBus"}}
{"__type":"$$EventMessageNode","id":"b2757863-4bae-4b12-a622-daeef2d7eb21","ts":"2025-03-28T14:06:39.268-04:00","eventName":"n8n.node.finished","message":"n8n.node.finished","payload":{"workflowId":"VN7FenLKzTLWbyzL","workflowName":"agente de whatssap","executionId":"23","nodeType":"n8n-nodes-base.manualTrigger","nodeName":"When clicking ‘Test workflow’"}}
{"__type":"$$EventMessageConfirm","confirm":"b2757863-4bae-4b12-a622-daeef2d7eb21","ts":"2025-03-28T14:06:39.269-04:00","source":{"id":"0","name":"eventBus"}}
{"__type":"$$EventMessageNode","id":"c5614b8e-eeb7-4e64-b9d8-26bfdc7e4a30","ts":"2025-03-28T14:06:39.270-04:00","eventName":"n8n.node.started","message":"n8n.node.started","payload":{"workflowId":"VN7FenLKzTLWbyzL","workflowName":"agente de whatssap","executionId":"23","nodeType":"n8n-nodes-base.whatsApp","nodeName":"WhatsApp Business Cloud"}}
{"__type":"$$EventMessageConfirm","confirm":"c5614b8e-eeb7-4e64-b9d8-26bfdc7e4a30","ts":"2025-03-28T14:06:39.270-04:00","source":{"id":"0","name":"eventBus"}}
{"__type":"$$EventMessageNode","id":"fc24bbfe-c1e5-4814-9653-1ea4886cc98c","ts":"2025-03-28T14:06:40.014-04:00","eventName":"n8n.node.finished","message":"n8n.node.finished","payload":{"workflowId":"VN7FenLKzTLWbyzL","workflowName":"agente de whatssap","executionId":"23","nodeType":"n8n-nodes-base.whatsApp","nodeName":"WhatsApp Business Cloud"}}
{"__type":"$$EventMessageConfirm","confirm":"fc24bbfe-c1e5-4814-9653-1ea4886cc98c","ts":"2025-03-28T14:06:40.014-04:00","source":{"id":"0","name":"eventBus"}}
{"__type":"$$EventMessageWorkflow","id":"b9522086-d165-40eb-9709-5a19d87020cc","ts":"2025-03-28T14:06:40.023-04:00","eventName":"n8n.workflow.failed","message":"n8n.workflow.failed","payload":{"executionId":"23","userId":"fd53e3ff-6f4a-4f4e-9a3a-1ca2be9a9249","success":false,"isManual":true,"workflowId":"VN7FenLKzTLWbyzL","workflowName":"agente de whatssap","lastNodeExecuted":"WhatsApp Business Cloud","errorNodeType":"n8n-nodes-base.whatsApp","errorMessage":"Bad request - please check your parameters"}}
{"__type":"$$EventMessageConfirm","confirm":"b9522086-d165-40eb-9709-5a19d87020cc","ts":"2025-03-28T14:06:40.023-04:00","source":{"id":"0","name":"eventBus"}}
{"__type":"$$EventMessageWorkflow","id":"2af7f10c-81d8-4553-bea5-fc4cfd78cd25","ts":"2025-03-28T14:09:02.639-04:00","eventName":"n8n.workflow.started","message":"n8n.workflow.started","payload":{"executionId":"24","workflowId":"VN7FenLKzTLWbyzL","isManual":false,"workflowName":"agente de whatssap"}}
{"__type":"$$EventMessageConfirm","confirm":"2af7f10c-81d8-4553-bea5-fc4cfd78cd25","ts":"2025-03-28T14:09:02.639-04:00","source":{"id":"0","name":"eventBus"}}
{"__type":"$$EventMessageNode","id":"3c9fda7a-27c8-40e0-9a69-3f4d9b3d7bb6","ts":"2025-03-28T14:09:02.640-04:00","eventName":"n8n.node.started","message":"n8n.node.started","payload":{"workflowId":"VN7FenLKzTLWbyzL","workflowName":"agente de whatssap","executionId":"24","nodeType":"n8n-nodes-base.manualTrigger","nodeName":"When clicking ‘Test workflow’"}}
{"__type":"$$EventMessageConfirm","confirm":"3c9fda7a-27c8-40e0-9a69-3f4d9b3d7bb6","ts":"2025-03-28T14:09:02.641-04:00","source":{"id":"0","name":"eventBus"}}
{"__type":"$$EventMessageNode","id":"032145d4-1a50-4652-bdb8-8cbfc083a73b","ts":"2025-03-28T14:09:02.642-04:00","eventName":"n8n.node.finished","message":"n8n.node.finished","payload":{"workflowId":"VN7FenLKzTLWbyzL","workflowName":"agente de whatssap","executionId":"24","nodeType":"n8n-nodes-base.manualTrigger","nodeName":"When clicking ‘Test workflow’"}}
{"__type":"$$EventMessageConfirm","confirm":"032145d4-1a50-4652-bdb8-8cbfc083a73b","ts":"2025-03-28T14:09:02.643-04:00","source":{"id":"0","name":"eventBus"}}
{"__type":"$$EventMessageNode","id":"690f9478-1b26-4934-8e83-c669b35f5802","ts":"2025-03-28T14:09:02.644-04:00","eventName":"n8n.node.started","message":"n8n.node.started","payload":{"workflowId":"VN7FenLKzTLWbyzL","workflowName":"agente de whatssap","executionId":"24","nodeType":"n8n-nodes-base.whatsApp","nodeName":"WhatsApp Business Cloud"}}
{"__type":"$$EventMessageConfirm","confirm":"690f9478-1b26-4934-8e83-c669b35f5802","ts":"2025-03-28T14:09:02.644-04:00","source":{"id":"0","name":"eventBus"}}
{"__type":"$$EventMessageNode","id":"18cd322b-38e4-4a70-aa83-c408e790c916","ts":"2025-03-28T14:09:03.299-04:00","eventName":"n8n.node.finished","message":"n8n.node.finished","payload":{"workflowId":"VN7FenLKzTLWbyzL","workflowName":"agente de whatssap","executionId":"24","nodeType":"n8n-nodes-base.whatsApp","nodeName":"WhatsApp Business Cloud"}}
{"__type":"$$EventMessageConfirm","confirm":"18cd322b-38e4-4a70-aa83-c408e790c916","ts":"2025-03-28T14:09:03.299-04:00","source":{"id":"0","name":"eventBus"}}
{"__type":"$$EventMessageWorkflow","id":"18c9046d-d926-4723-a3e1-3959b7a79f97","ts":"2025-03-28T14:09:03.302-04:00","eventName":"n8n.workflow.failed","message":"n8n.workflow.failed","payload":{"executionId":"24","userId":"fd53e3ff-6f4a-4f4e-9a3a-1ca2be9a9249","success":false,"isManual":true,"workflowId":"VN7FenLKzTLWbyzL","workflowName":"agente de whatssap","lastNodeExecuted":"WhatsApp Business Cloud","errorNodeType":"n8n-nodes-base.whatsApp","errorMessage":"Bad request - please check your parameters"}}
{"__type":"$$EventMessageConfirm","confirm":"18c9046d-d926-4723-a3e1-3959b7a79f97","ts":"2025-03-28T14:09:03.303-04:00","source":{"id":"0","name":"eventBus"}}
{"__type":"$$EventMessageWorkflow","id":"81691267-08c1-475d-96f4-29fd14e6f7e3","ts":"2025-03-28T14:10:39.216-04:00","eventName":"n8n.workflow.started","message":"n8n.workflow.started","payload":{"executionId":"25","workflowId":"VN7FenLKzTLWbyzL","isManual":false,"workflowName":"agente de whatssap"}}
{"__type":"$$EventMessageConfirm","confirm":"81691267-08c1-475d-96f4-29fd14e6f7e3","ts":"2025-03-28T14:10:39.217-04:00","source":{"id":"0","name":"eventBus"}}
{"__type":"$$EventMessageNode","id":"3379f01b-f4f3-4203-8d4d-fdcbfd363487","ts":"2025-03-28T14:10:39.217-04:00","eventName":"n8n.node.started","message":"n8n.node.started","payload":{"workflowId":"VN7FenLKzTLWbyzL","workflowName":"agente de whatssap","executionId":"25","nodeType":"n8n-nodes-base.manualTrigger","nodeName":"When clicking ‘Test workflow’"}}
{"__type":"$$EventMessageConfirm","confirm":"3379f01b-f4f3-4203-8d4d-fdcbfd363487","ts":"2025-03-28T14:10:39.217-04:00","source":{"id":"0","name":"eventBus"}}
{"__type":"$$EventMessageNode","id":"d6703ee5-fab5-4724-b64a-dc9f6f67f476","ts":"2025-03-28T14:10:39.219-04:00","eventName":"n8n.node.finished","message":"n8n.node.finished","payload":{"workflowId":"VN7FenLKzTLWbyzL","workflowName":"agente de whatssap","executionId":"25","nodeType":"n8n-nodes-base.manualTrigger","nodeName":"When clicking ‘Test workflow’"}}
{"__type":"$$EventMessageConfirm","confirm":"d6703ee5-fab5-4724-b64a-dc9f6f67f476","ts":"2025-03-28T14:10:39.219-04:00","source":{"id":"0","name":"eventBus"}}
{"__type":"$$EventMessageNode","id":"8af3648c-e92f-46a3-ab6b-5cdf5967596a","ts":"2025-03-28T14:10:39.219-04:00","eventName":"n8n.node.started","message":"n8n.node.started","payload":{"workflowId":"VN7FenLKzTLWbyzL","workflowName":"agente de whatssap","executionId":"25","nodeType":"n8n-nodes-base.whatsApp","nodeName":"WhatsApp Business Cloud"}}
{"__type":"$$EventMessageConfirm","confirm":"8af3648c-e92f-46a3-ab6b-5cdf5967596a","ts":"2025-03-28T14:10:39.219-04:00","source":{"id":"0","name":"eventBus"}}
{"__type":"$$EventMessageNode","id":"e190aec3-2f50-4979-b045-5500689959c1","ts":"2025-03-28T14:10:40.229-04:00","eventName":"n8n.node.finished","message":"n8n.node.finished","payload":{"workflowId":"VN7FenLKzTLWbyzL","workflowName":"agente de whatssap","executionId":"25","nodeType":"n8n-nodes-base.whatsApp","nodeName":"WhatsApp Business Cloud"}}
{"__type":"$$EventMessageConfirm","confirm":"e190aec3-2f50-4979-b045-5500689959c1","ts":"2025-03-28T14:10:40.229-04:00","source":{"id":"0","name":"eventBus"}}
{"__type":"$$EventMessageWorkflow","id":"250117ac-d8d2-4e7e-80f5-7439c2cf2805","ts":"2025-03-28T14:10:40.234-04:00","eventName":"n8n.workflow.success","message":"n8n.workflow.success","payload":{"executionId":"25","userId":"fd53e3ff-6f4a-4f4e-9a3a-1ca2be9a9249","success":true,"isManual":true,"workflowId":"VN7FenLKzTLWbyzL","workflowName":"agente de whatssap"}}
{"__type":"$$EventMessageConfirm","confirm":"250117ac-d8d2-4e7e-80f5-7439c2cf2805","ts":"2025-03-28T14:10:40.234-04:00","source":{"id":"0","name":"eventBus"}}
{"__type":"$$EventMessageAudit","id":"d613afd5-99c8-4288-a20f-f42d35a0432c","ts":"2025-03-28T14:13:34.260-04:00","eventName":"n8n.audit.user.credentials.created","message":"n8n.audit.user.credentials.created","payload":{"userId":"fd53e3ff-6f4a-4f4e-9a3a-1ca2be9a9249","_email":"tecnologia@chatoptim.com","_firstName":"eduardo","_lastName":"Calaca","globalRole":"global:owner","credentialType":"whatsAppTriggerApi","credentialId":"EszAnamnbjYRLfZl","publicApi":false,"projectId":"sprkIXf5OtKY7E92","projectType":"personal"}}
{"__type":"$$EventMessageConfirm","confirm":"d613afd5-99c8-4288-a20f-f42d35a0432c","ts":"2025-03-28T14:13:34.260-04:00","source":{"id":"0","name":"eventBus"}}
{"__type":"$$EventMessageAudit","id":"4f96cc8f-283a-4902-b78d-0e0e57e42484","ts":"2025-03-28T14:19:04.848-04:00","eventName":"n8n.audit.user.credentials.updated","message":"n8n.audit.user.credentials.updated","payload":{"userId":"fd53e3ff-6f4a-4f4e-9a3a-1ca2be9a9249","_email":"tecnologia@chatoptim.com","_firstName":"eduardo","_lastName":"Calaca","globalRole":"global:owner","credentialType":"whatsAppTriggerApi","credentialId":"EszAnamnbjYRLfZl"}}
{"__type":"$$EventMessageConfirm","confirm":"4f96cc8f-283a-4902-b78d-0e0e57e42484","ts":"2025-03-28T14:19:04.848-04:00","source":{"id":"0","name":"eventBus"}}
{"__type":"$$EventMessageWorkflow","id":"996c7cf5-91b0-4048-9ca6-88d48203dd8c","ts":"2025-03-28T14:19:21.667-04:00","eventName":"n8n.workflow.started","message":"n8n.workflow.started","payload":{"executionId":"26","workflowId":"VN7FenLKzTLWbyzL","isManual":false,"workflowName":"agente de whatssap"}}
{"__type":"$$EventMessageConfirm","confirm":"996c7cf5-91b0-4048-9ca6-88d48203dd8c","ts":"2025-03-28T14:19:21.667-04:00","source":{"id":"0","name":"eventBus"}}
{"__type":"$$EventMessageNode","id":"efeb3058-7e88-4711-b5a6-2c32b5ea8138","ts":"2025-03-28T14:19:21.668-04:00","eventName":"n8n.node.started","message":"n8n.node.started","payload":{"workflowId":"VN7FenLKzTLWbyzL","workflowName":"agente de whatssap","executionId":"26","nodeType":"n8n-nodes-base.manualTrigger","nodeName":"When clicking ‘Test workflow’"}}
{"__type":"$$EventMessageConfirm","confirm":"efeb3058-7e88-4711-b5a6-2c32b5ea8138","ts":"2025-03-28T14:19:21.668-04:00","source":{"id":"0","name":"eventBus"}}
{"__type":"$$EventMessageNode","id":"33e81980-3b42-43e6-b5fc-ca4e3c276dd4","ts":"2025-03-28T14:19:21.670-04:00","eventName":"n8n.node.finished","message":"n8n.node.finished","payload":{"workflowId":"VN7FenLKzTLWbyzL","workflowName":"agente de whatssap","executionId":"26","nodeType":"n8n-nodes-base.manualTrigger","nodeName":"When clicking ‘Test workflow’"}}
{"__type":"$$EventMessageConfirm","confirm":"33e81980-3b42-43e6-b5fc-ca4e3c276dd4","ts":"2025-03-28T14:19:21.670-04:00","source":{"id":"0","name":"eventBus"}}
{"__type":"$$EventMessageNode","id":"d9012fce-44d3-419b-b05b-21574cf01901","ts":"2025-03-28T14:19:21.671-04:00","eventName":"n8n.node.started","message":"n8n.node.started","payload":{"workflowId":"VN7FenLKzTLWbyzL","workflowName":"agente de whatssap","executionId":"26","nodeType":"n8n-nodes-base.whatsApp","nodeName":"WhatsApp Business Cloud"}}
{"__type":"$$EventMessageConfirm","confirm":"d9012fce-44d3-419b-b05b-21574cf01901","ts":"2025-03-28T14:19:21.671-04:00","source":{"id":"0","name":"eventBus"}}
{"__type":"$$EventMessageNode","id":"30a72dec-edfc-4bbf-b212-c85608350920","ts":"2025-03-28T14:19:22.368-04:00","eventName":"n8n.node.finished","message":"n8n.node.finished","payload":{"workflowId":"VN7FenLKzTLWbyzL","workflowName":"agente de whatssap","executionId":"26","nodeType":"n8n-nodes-base.whatsApp","nodeName":"WhatsApp Business Cloud"}}
{"__type":"$$EventMessageConfirm","confirm":"30a72dec-edfc-4bbf-b212-c85608350920","ts":"2025-03-28T14:19:22.368-04:00","source":{"id":"0","name":"eventBus"}}
{"__type":"$$EventMessageWorkflow","id":"c759927e-769d-4739-95fc-a1968480965d","ts":"2025-03-28T14:19:22.373-04:00","eventName":"n8n.workflow.success","message":"n8n.workflow.success","payload":{"executionId":"26","userId":"fd53e3ff-6f4a-4f4e-9a3a-1ca2be9a9249","success":true,"isManual":true,"workflowId":"VN7FenLKzTLWbyzL","workflowName":"agente de whatssap"}}
{"__type":"$$EventMessageConfirm","confirm":"c759927e-769d-4739-95fc-a1968480965d","ts":"2025-03-28T14:19:22.373-04:00","source":{"id":"0","name":"eventBus"}}
{"__type":"$$EventMessageAudit","id":"9b028a6f-b9c9-46da-846c-4bf2089156e9","ts":"2025-03-28T14:22:18.372-04:00","eventName":"n8n.audit.workflow.updated","message":"n8n.audit.workflow.updated","payload":{"userId":"fd53e3ff-6f4a-4f4e-9a3a-1ca2be9a9249","_email":"tecnologia@chatoptim.com","_firstName":"eduardo","_lastName":"Calaca","globalRole":"global:owner","workflowId":"VN7FenLKzTLWbyzL","workflowName":"agente de whatssap"}}
{"__type":"$$EventMessageConfirm","confirm":"9b028a6f-b9c9-46da-846c-4bf2089156e9","ts":"2025-03-28T14:22:18.373-04:00","source":{"id":"0","name":"eventBus"}}
